<?xml version="1.0" encoding="utf-8" ?>
<!DOCTYPE html PUBLIC "-//W3C//DTD XHTML 1.0 Strict//EN"
        "http://www.w3.org/TR/xhtml1/DTD/xhtml1-strict.dtd">
<html xmlns="http://www.w3.org/1999/xhtml" xml:lang="" lang="">
<head>
  <title>Test Results Report - Test</title>
  <meta http-equiv="Content-Type" content="text/html;charset=utf-8" />
  <meta name="description" content="TestNG unit test results." />
  <link href="reportng.css" rel="stylesheet" type="text/css" />
    <script type="text/javascript" src="reportng.js"></script>
</head>
<body>
<h1>Test</h1>
<p>
  Test duration: 261.752s
</p>



  <table class="resultsTable">
    <tr><th colspan="3" class="header failed">Failed Tests</th></tr>
          <tr>
        <td colspan="3" class="group">appium.tutorial.android.step.ccigmall.booking.BookTest</td>
      </tr>
            
<tr>
  <td class="method">
                  testBooking
      </td>
  <td class="duration">
    226.467s
  </td>
  <td class="result">
        
          <i>Method arguments: </i><span class="arguments">"1", "15810838139", "lyj123456", "ªÿπÈ150608163530_B2C"</span><br />
    
        

        <a href="javascript:toggleElement('exception-0', 'block')" title="Click to expand/collapse"><b>appium.tutorial.android.util.TestException: <br/>
≤‚ ‘œ¬µ• ß∞‹£°&gt;&gt;org.openqa.selenium.NoSuchElementException: An element could not be located on the page using the given search parameters. (WARNING: The server did not provide any stacktrace information)<br/>
Command duration or timeout: 30.51 seconds<br/>
For documentation on this error, please visit: http://seleniumhq.org/exceptions/no_such_element.html<br/>
Build info: version: &apos;2.43.1&apos;, revision: &apos;5163bceef1bc36d43f3dc0b83c88998168a363a0&apos;, time: &apos;2014-09-10 09:43:55&apos;<br/>
System info: host: &apos;dell-PC&apos;, ip: &apos;169.254.233.97&apos;, os.name: &apos;Windows 7&apos;, os.arch: &apos;amd64&apos;, os.version: &apos;6.1&apos;, java.version: &apos;1.7.0_67&apos;<br/>
Session ID: 5ab929ef-a515-4dbb-a71e-faba9efe642d<br/>
Driver info: io.appium.java_client.android.AndroidDriver<br/>
Capabilities [{platform=LINUX, app=D:\“∆∂Ø∂À≤‚ ‘\myProject\tutorial_android\src\test\resources\apps\ccigmall_b2c_regress.apk, javascriptEnabled=true, browserName=Android, networkConnectionEnabled=true, desired={app=D:\“∆∂Ø∂À≤‚ ‘\myProject\tutorial_android\src\test\resources\apps\ccigmall_b2c_regress.apk, platformVersion=4.3, deviceName=Android, platformName=Android, appium-version=1.1.0, name=Java Android tutorial Wed Jun 10 12:03:31 CST 2015, unicodeKeyboard=true, resetKeyboard=true}, locationContextEnabled=false, platformVersion=4.3, databaseEnabled=false, platformName=Android, deviceName=Android, appium-version=1.1.0, webStorageEnabled=false, name=Java Android tutorial Wed Jun 10 12:03:31 CST 2015, unicodeKeyboard=true, resetKeyboard=true, warnings={}, takesScreenshot=true}]</b></a><br />
    <div class="stackTrace" id="exception-0">
              appium.tutorial.android.step.ccigmall.booking.BookTest.testBooking(BookTest.java:61)<br />
              sun.reflect.NativeMethodAccessorImpl.invoke0(Native Method)<br />
              sun.reflect.NativeMethodAccessorImpl.invoke(NativeMethodAccessorImpl.java:57)<br />
              sun.reflect.DelegatingMethodAccessorImpl.invoke(DelegatingMethodAccessorImpl.java:43)<br />
              java.lang.reflect.Method.invoke(Method.java:606)<br />
              org.testng.internal.MethodInvocationHelper.invokeMethod(MethodInvocationHelper.java:84)<br />
              org.testng.internal.Invoker.invokeMethod(Invoker.java:714)<br />
              org.testng.internal.Invoker.invokeTestMethod(Invoker.java:901)<br />
              org.testng.internal.Invoker.invokeTestMethods(Invoker.java:1231)<br />
              org.testng.internal.TestMethodWorker.invokeTestMethods(TestMethodWorker.java:127)<br />
              org.testng.internal.TestMethodWorker.run(TestMethodWorker.java:111)<br />
              org.testng.TestRunner.privateRun(TestRunner.java:767)<br />
              org.testng.TestRunner.run(TestRunner.java:617)<br />
              org.testng.SuiteRunner.runTest(SuiteRunner.java:334)<br />
              org.testng.SuiteRunner.runSequentially(SuiteRunner.java:329)<br />
              org.testng.SuiteRunner.privateRun(SuiteRunner.java:291)<br />
              org.testng.SuiteRunner.run(SuiteRunner.java:240)<br />
              org.testng.SuiteRunnerWorker.runSuite(SuiteRunnerWorker.java:52)<br />
              org.testng.SuiteRunnerWorker.run(SuiteRunnerWorker.java:86)<br />
              org.testng.TestNG.runSuitesSequentially(TestNG.java:1224)<br />
              org.testng.TestNG.runSuitesLocally(TestNG.java:1149)<br />
              org.testng.TestNG.run(TestNG.java:1057)<br />
              org.testng.remote.RemoteTestNG.run(RemoteTestNG.java:111)<br />
              org.testng.remote.RemoteTestNG.initAndRun(RemoteTestNG.java:204)<br />
              org.testng.remote.RemoteTestNG.main(RemoteTestNG.java:175)<br />
                        <a href="screenshot/appium.tutorial.android.step.ccigmall.booking.BookTest.jpg" target="_blank"><img src="screenshot/appium.tutorial.android.step.ccigmall.booking.BookTest.jpg" ></a>    
      
    </div>
      </td>
</tr>
      </table>


  
</body>
</html>
