<?xml version="1.0" encoding="UTF-8"?>
<!-- Generated by org.testng.reporters.JUnitXMLReporter -->
<testsuite hostname="dell-PC" name="Test" tests="1" failures="1" timestamp="10 Jun 2015 04:07:53 GMT" time="261.941" errors="0">
  <testcase name="testBooking" time="226.467" classname="appium.tutorial.android.step.ccigmall.booking.BookTest">
    <failure type="appium.tutorial.android.util.TestException" message="
测试下单失败！&amp;gt;&amp;gt;org.openqa.selenium.NoSuchElementException: An element could not be located on the page using the given search parameters. (WARNING: The server did not provide any stacktrace information)
Command duration or timeout: 30.51 seconds
For documentation on this error, please visit: http://seleniumhq.org/exceptions/no_such_element.html
Build info: version: &amp;apos;2.43.1&amp;apos;, revision: &amp;apos;5163bceef1bc36d43f3dc0b83c88998168a363a0&amp;apos;, time: &amp;apos;2014-09-10 09:43:55&amp;apos;
System info: host: &amp;apos;dell-PC&amp;apos;, ip: &amp;apos;169.254.233.97&amp;apos;, os.name: &amp;apos;Windows 7&amp;apos;, os.arch: &amp;apos;amd64&amp;apos;, os.version: &amp;apos;6.1&amp;apos;, java.version: &amp;apos;1.7.0_67&amp;apos;
Session ID: 5ab929ef-a515-4dbb-a71e-faba9efe642d
Driver info: io.appium.java_client.android.AndroidDriver
Capabilities [{platform=LINUX, app=D:\移动端测试\myProject\tutorial_android\src\test\resources\apps\ccigmall_b2c_regress.apk, javascriptEnabled=true, browserName=Android, networkConnectionEnabled=true, desired={app=D:\移动端测试\myProject\tutorial_android\src\test\resources\apps\ccigmall_b2c_regress.apk, platformVersion=4.3, deviceName=Android, platformName=Android, appium-version=1.1.0, name=Java Android tutorial Wed Jun 10 12:03:31 CST 2015, unicodeKeyboard=true, resetKeyboard=true}, locationContextEnabled=false, platformVersion=4.3, databaseEnabled=false, platformName=Android, deviceName=Android, appium-version=1.1.0, webStorageEnabled=false, name=Java Android tutorial Wed Jun 10 12:03:31 CST 2015, unicodeKeyboard=true, resetKeyboard=true, warnings={}, takesScreenshot=true}]">
      <![CDATA[appium.tutorial.android.util.TestException: 
测试下单失败！>>org.openqa.selenium.NoSuchElementException: An element could not be located on the page using the given search parameters. (WARNING: The server did not provide any stacktrace information)
Command duration or timeout: 30.51 seconds
For documentation on this error, please visit: http://seleniumhq.org/exceptions/no_such_element.html
Build info: version: '2.43.1', revision: '5163bceef1bc36d43f3dc0b83c88998168a363a0', time: '2014-09-10 09:43:55'
System info: host: 'dell-PC', ip: '169.254.233.97', os.name: 'Windows 7', os.arch: 'amd64', os.version: '6.1', java.version: '1.7.0_67'
Session ID: 5ab929ef-a515-4dbb-a71e-faba9efe642d
Driver info: io.appium.java_client.android.AndroidDriver
Capabilities [{platform=LINUX, app=D:\移动端测试\myProject\tutorial_android\src\test\resources\apps\ccigmall_b2c_regress.apk, javascriptEnabled=true, browserName=Android, networkConnectionEnabled=true, desired={app=D:\移动端测试\myProject\tutorial_android\src\test\resources\apps\ccigmall_b2c_regress.apk, platformVersion=4.3, deviceName=Android, platformName=Android, appium-version=1.1.0, name=Java Android tutorial Wed Jun 10 12:03:31 CST 2015, unicodeKeyboard=true, resetKeyboard=true}, locationContextEnabled=false, platformVersion=4.3, databaseEnabled=false, platformName=Android, deviceName=Android, appium-version=1.1.0, webStorageEnabled=false, name=Java Android tutorial Wed Jun 10 12:03:31 CST 2015, unicodeKeyboard=true, resetKeyboard=true, warnings={}, takesScreenshot=true}]
	at appium.tutorial.android.step.ccigmall.booking.BookTest.testBooking(BookTest.java:61)
... Removed 24 stack frames]]>
    </failure>
  </testcase> <!-- testBooking -->
</testsuite> <!-- Test -->
