-------------------------------------------------------------------------------
Test set: TestSuite
-------------------------------------------------------------------------------
Tests run: 2, Failures: 1, Errors: 0, Skipped: 0, Time elapsed: 249.366 sec <<< FAILURE!
testLogin(appium.tutorial.android.step.WechatTest)  Time elapsed: 68.507 sec  <<< FAILURE!
appium.tutorial.android.util.TestException: 
²âÊÔµÇÂ¼Ê§°Ü£¡
	at appium.tutorial.android.step.WechatTest.testLogin(WechatTest.java:46)

